nohup: ignoring input
INFO:     Will watch for changes in these directories: ['/root/my-app']
INFO:     Uvicorn running on http://0.0.0.0:8000 (Press CTRL+C to quit)
INFO:     Started reloader process [711736] using StatReload
INFO:     Started server process [711740]
INFO:     Waiting for application startup.
INFO:     Application startup complete.
WARNING:  Invalid HTTP request received.
WARNING:  Invalid HTTP request received.
WARNING:  Invalid HTTP request received.
WARNING:  Invalid HTTP request received.
WARNING:  Invalid HTTP request received.
WARNING:  Invalid HTTP request received.
WARNING:  Invalid HTTP request received.
WARNING:  Invalid HTTP request received.
WARNING:  Invalid HTTP request received.
WARNING:  Invalid HTTP request received.
WARNING:  Invalid HTTP request received.
WARNING:  Invalid HTTP request received.
WARNING:  Invalid HTTP request received.
WARNING:  Invalid HTTP request received.
WARNING:  Invalid HTTP request received.
WARNING:  Invalid HTTP request received.
WARNING:  Invalid HTTP request received.
WARNING:  Invalid HTTP request received.
WARNING:  Invalid HTTP request received.
WARNING:  Invalid HTTP request received.
INFO:     Shutting down
INFO:     Waiting for application shutdown.
INFO:     Application shutdown complete.
INFO:     Finished server process [711740]

 __          ___      .__   __.   _______      _______. _______ .______     ____    ____  _______
|  |        /   \     |  \ |  |  /  _____|    /       ||   ____||   _  \    \   \  /   / |   ____|
|  |       /  ^  \    |   \|  | |  |  __     |   (----`|  |__   |  |_)  |    \   \/   /  |  |__
|  |      /  /_\  \   |  . `  | |  | |_ |     \   \    |   __|  |      /      \      /   |   __|
|  `----./  _____  \  |  |\   | |  |__| | .----)   |   |  |____ |  |\  \----.  \    /    |  |____
|_______/__/     \__\ |__| \__|  \______| |_______/    |_______|| _| `._____|   \__/     |_______|

[1;32;40mLANGSERVE:[0m Playground for chain "/neo4j-cypher/" is live at:
[1;32;40mLANGSERVE:[0m  │
[1;32;40mLANGSERVE:[0m  └──> /neo4j-cypher/playground/
[1;32;40mLANGSERVE:[0m
[1;32;40mLANGSERVE:[0m See all available routes at /docs/

[1;31;40mLANGSERVE:[0m ⚠️ Using pydantic 2.7.4. OpenAPI docs for invoke, batch, stream, stream_log endpoints will not be generated. API endpoints and playground should work as expected. If you need to see the docs, you can downgrade to pydantic 1. For example, `pip install pydantic==1.10.13`. See https://github.com/tiangolo/fastapi/issues/10360 for details.

INFO:     Stopping reloader process [711736]
